<?xml version="1.0" encoding="UTF-8"?>
<testng-results skipped="0" failed="1" ignored="0" total="10" passed="9">
  <reporter-output>
  </reporter-output>
  <suite name="State Farm " duration-ms="76188" started-at="2022-02-11T11:05:58 EST" finished-at="2022-02-11T11:07:14 EST">
    <groups>
    </groups>
    <test name="State Farm Automation" duration-ms="76188" started-at="2022-02-11T11:05:58 EST" finished-at="2022-02-11T11:07:14 EST">
      <class name="Team4Pro.AppTest">
        <test-method status="PASS" signature="startingPoint(java.lang.String,java.lang.String,java.lang.String)[pri:0, instance:Team4Pro.AppTest@5ae63ade]" name="startingPoint" is-config="true" duration-ms="4683" started-at="2022-02-11T11:05:58 EST" finished-at="2022-02-11T11:06:03 EST">
          <params>
            <param index="0">
              <value>
                <![CDATA[mac]]>
              </value>
            </param>
            <param index="1">
              <value>
                <![CDATA[chrome]]>
              </value>
            </param>
            <param index="2">
              <value>
                <![CDATA[https://www.statefarm.com/]]>
              </value>
            </param>
          </params>
          <reporter-output>
          </reporter-output>
        </test-method> <!-- startingPoint -->
        <test-method status="PASS" signature="librarySetUp()[pri:0, instance:Team4Pro.AppTest@5ae63ade]" name="librarySetUp" is-config="true" duration-ms="26" started-at="2022-02-11T11:06:03 EST" finished-at="2022-02-11T11:06:03 EST">
          <reporter-output>
          </reporter-output>
        </test-method> <!-- librarySetUp -->
        <test-method status="PASS" signature="banking()[pri:0, instance:Team4Pro.AppTest@5ae63ade]" name="banking" duration-ms="4146" started-at="2022-02-11T11:06:03 EST" finished-at="2022-02-11T11:06:07 EST">
          <reporter-output>
          </reporter-output>
        </test-method> <!-- banking -->
        <test-method status="PASS" signature="libraryDelete()[pri:0, instance:Team4Pro.AppTest@5ae63ade]" name="libraryDelete" is-config="true" duration-ms="67" started-at="2022-02-11T11:06:07 EST" finished-at="2022-02-11T11:06:07 EST">
          <reporter-output>
          </reporter-output>
        </test-method> <!-- libraryDelete -->
        <test-method status="PASS" signature="endPoint()[pri:0, instance:Team4Pro.AppTest@5ae63ade]" name="endPoint" is-config="true" duration-ms="166" started-at="2022-02-11T11:06:07 EST" finished-at="2022-02-11T11:06:07 EST">
          <reporter-output>
          </reporter-output>
        </test-method> <!-- endPoint -->
        <test-method status="PASS" signature="startingPoint(java.lang.String,java.lang.String,java.lang.String)[pri:0, instance:Team4Pro.AppTest@5ae63ade]" name="startingPoint" is-config="true" duration-ms="3256" started-at="2022-02-11T11:06:07 EST" finished-at="2022-02-11T11:06:10 EST">
          <params>
            <param index="0">
              <value>
                <![CDATA[mac]]>
              </value>
            </param>
            <param index="1">
              <value>
                <![CDATA[chrome]]>
              </value>
            </param>
            <param index="2">
              <value>
                <![CDATA[https://www.statefarm.com/]]>
              </value>
            </param>
          </params>
          <reporter-output>
          </reporter-output>
        </test-method> <!-- startingPoint -->
        <test-method status="PASS" signature="librarySetUp()[pri:0, instance:Team4Pro.AppTest@5ae63ade]" name="librarySetUp" is-config="true" duration-ms="3" started-at="2022-02-11T11:06:10 EST" finished-at="2022-02-11T11:06:10 EST">
          <reporter-output>
          </reporter-output>
        </test-method> <!-- librarySetUp -->
        <test-method status="PASS" signature="claimHelp()[pri:0, instance:Team4Pro.AppTest@5ae63ade]" name="claimHelp" duration-ms="4567" started-at="2022-02-11T11:06:10 EST" finished-at="2022-02-11T11:06:15 EST">
          <reporter-output>
          </reporter-output>
        </test-method> <!-- claimHelp -->
        <test-method status="PASS" signature="libraryDelete()[pri:0, instance:Team4Pro.AppTest@5ae63ade]" name="libraryDelete" is-config="true" duration-ms="58" started-at="2022-02-11T11:06:15 EST" finished-at="2022-02-11T11:06:15 EST">
          <reporter-output>
          </reporter-output>
        </test-method> <!-- libraryDelete -->
        <test-method status="PASS" signature="endPoint()[pri:0, instance:Team4Pro.AppTest@5ae63ade]" name="endPoint" is-config="true" duration-ms="157" started-at="2022-02-11T11:06:15 EST" finished-at="2022-02-11T11:06:15 EST">
          <reporter-output>
          </reporter-output>
        </test-method> <!-- endPoint -->
        <test-method status="PASS" signature="startingPoint(java.lang.String,java.lang.String,java.lang.String)[pri:0, instance:Team4Pro.AppTest@5ae63ade]" name="startingPoint" is-config="true" duration-ms="3589" started-at="2022-02-11T11:06:15 EST" finished-at="2022-02-11T11:06:19 EST">
          <params>
            <param index="0">
              <value>
                <![CDATA[mac]]>
              </value>
            </param>
            <param index="1">
              <value>
                <![CDATA[chrome]]>
              </value>
            </param>
            <param index="2">
              <value>
                <![CDATA[https://www.statefarm.com/]]>
              </value>
            </param>
          </params>
          <reporter-output>
          </reporter-output>
        </test-method> <!-- startingPoint -->
        <test-method status="PASS" signature="librarySetUp()[pri:0, instance:Team4Pro.AppTest@5ae63ade]" name="librarySetUp" is-config="true" duration-ms="3" started-at="2022-02-11T11:06:19 EST" finished-at="2022-02-11T11:06:19 EST">
          <reporter-output>
          </reporter-output>
        </test-method> <!-- librarySetUp -->
        <test-method status="PASS" signature="claimHlp()[pri:0, instance:Team4Pro.AppTest@5ae63ade]" name="claimHlp" duration-ms="2091" started-at="2022-02-11T11:06:19 EST" finished-at="2022-02-11T11:06:21 EST">
          <reporter-output>
          </reporter-output>
        </test-method> <!-- claimHlp -->
        <test-method status="PASS" signature="libraryDelete()[pri:0, instance:Team4Pro.AppTest@5ae63ade]" name="libraryDelete" is-config="true" duration-ms="48" started-at="2022-02-11T11:06:21 EST" finished-at="2022-02-11T11:06:21 EST">
          <reporter-output>
          </reporter-output>
        </test-method> <!-- libraryDelete -->
        <test-method status="PASS" signature="endPoint()[pri:0, instance:Team4Pro.AppTest@5ae63ade]" name="endPoint" is-config="true" duration-ms="116" started-at="2022-02-11T11:06:21 EST" finished-at="2022-02-11T11:06:21 EST">
          <reporter-output>
          </reporter-output>
        </test-method> <!-- endPoint -->
        <test-method status="PASS" signature="startingPoint(java.lang.String,java.lang.String,java.lang.String)[pri:0, instance:Team4Pro.AppTest@5ae63ade]" name="startingPoint" is-config="true" duration-ms="3545" started-at="2022-02-11T11:06:21 EST" finished-at="2022-02-11T11:06:25 EST">
          <params>
            <param index="0">
              <value>
                <![CDATA[mac]]>
              </value>
            </param>
            <param index="1">
              <value>
                <![CDATA[chrome]]>
              </value>
            </param>
            <param index="2">
              <value>
                <![CDATA[https://www.statefarm.com/]]>
              </value>
            </param>
          </params>
          <reporter-output>
          </reporter-output>
        </test-method> <!-- startingPoint -->
        <test-method status="PASS" signature="librarySetUp()[pri:0, instance:Team4Pro.AppTest@5ae63ade]" name="librarySetUp" is-config="true" duration-ms="1" started-at="2022-02-11T11:06:25 EST" finished-at="2022-02-11T11:06:25 EST">
          <reporter-output>
          </reporter-output>
        </test-method> <!-- librarySetUp -->
        <test-method status="PASS" signature="claims()[pri:0, instance:Team4Pro.AppTest@5ae63ade]" name="claims" duration-ms="4213" started-at="2022-02-11T11:06:25 EST" finished-at="2022-02-11T11:06:29 EST">
          <reporter-output>
          </reporter-output>
        </test-method> <!-- claims -->
        <test-method status="PASS" signature="libraryDelete()[pri:0, instance:Team4Pro.AppTest@5ae63ade]" name="libraryDelete" is-config="true" duration-ms="40" started-at="2022-02-11T11:06:29 EST" finished-at="2022-02-11T11:06:29 EST">
          <reporter-output>
          </reporter-output>
        </test-method> <!-- libraryDelete -->
        <test-method status="PASS" signature="endPoint()[pri:0, instance:Team4Pro.AppTest@5ae63ade]" name="endPoint" is-config="true" duration-ms="155" started-at="2022-02-11T11:06:29 EST" finished-at="2022-02-11T11:06:29 EST">
          <reporter-output>
          </reporter-output>
        </test-method> <!-- endPoint -->
        <test-method status="PASS" signature="startingPoint(java.lang.String,java.lang.String,java.lang.String)[pri:0, instance:Team4Pro.AppTest@5ae63ade]" name="startingPoint" is-config="true" duration-ms="3403" started-at="2022-02-11T11:06:29 EST" finished-at="2022-02-11T11:06:32 EST">
          <params>
            <param index="0">
              <value>
                <![CDATA[mac]]>
              </value>
            </param>
            <param index="1">
              <value>
                <![CDATA[chrome]]>
              </value>
            </param>
            <param index="2">
              <value>
                <![CDATA[https://www.statefarm.com/]]>
              </value>
            </param>
          </params>
          <reporter-output>
          </reporter-output>
        </test-method> <!-- startingPoint -->
        <test-method status="PASS" signature="librarySetUp()[pri:0, instance:Team4Pro.AppTest@5ae63ade]" name="librarySetUp" is-config="true" duration-ms="1" started-at="2022-02-11T11:06:32 EST" finished-at="2022-02-11T11:06:32 EST">
          <reporter-output>
          </reporter-output>
        </test-method> <!-- librarySetUp -->
        <test-method status="PASS" signature="findAnAgent()[pri:0, instance:Team4Pro.AppTest@5ae63ade]" name="findAnAgent" duration-ms="5314" started-at="2022-02-11T11:06:32 EST" finished-at="2022-02-11T11:06:38 EST">
          <reporter-output>
          </reporter-output>
        </test-method> <!-- findAnAgent -->
        <test-method status="PASS" signature="libraryDelete()[pri:0, instance:Team4Pro.AppTest@5ae63ade]" name="libraryDelete" is-config="true" duration-ms="59" started-at="2022-02-11T11:06:38 EST" finished-at="2022-02-11T11:06:38 EST">
          <reporter-output>
          </reporter-output>
        </test-method> <!-- libraryDelete -->
        <test-method status="PASS" signature="endPoint()[pri:0, instance:Team4Pro.AppTest@5ae63ade]" name="endPoint" is-config="true" duration-ms="161" started-at="2022-02-11T11:06:38 EST" finished-at="2022-02-11T11:06:38 EST">
          <reporter-output>
          </reporter-output>
        </test-method> <!-- endPoint -->
        <test-method status="PASS" signature="startingPoint(java.lang.String,java.lang.String,java.lang.String)[pri:0, instance:Team4Pro.AppTest@5ae63ade]" name="startingPoint" is-config="true" duration-ms="3400" started-at="2022-02-11T11:06:38 EST" finished-at="2022-02-11T11:06:41 EST">
          <params>
            <param index="0">
              <value>
                <![CDATA[mac]]>
              </value>
            </param>
            <param index="1">
              <value>
                <![CDATA[chrome]]>
              </value>
            </param>
            <param index="2">
              <value>
                <![CDATA[https://www.statefarm.com/]]>
              </value>
            </param>
          </params>
          <reporter-output>
          </reporter-output>
        </test-method> <!-- startingPoint -->
        <test-method status="PASS" signature="librarySetUp()[pri:0, instance:Team4Pro.AppTest@5ae63ade]" name="librarySetUp" is-config="true" duration-ms="1" started-at="2022-02-11T11:06:41 EST" finished-at="2022-02-11T11:06:41 EST">
          <reporter-output>
          </reporter-output>
        </test-method> <!-- librarySetUp -->
        <test-method status="PASS" signature="getAQuote()[pri:0, instance:Team4Pro.AppTest@5ae63ade]" name="getAQuote" duration-ms="4365" started-at="2022-02-11T11:06:41 EST" finished-at="2022-02-11T11:06:46 EST">
          <reporter-output>
          </reporter-output>
        </test-method> <!-- getAQuote -->
        <test-method status="PASS" signature="libraryDelete()[pri:0, instance:Team4Pro.AppTest@5ae63ade]" name="libraryDelete" is-config="true" duration-ms="46" started-at="2022-02-11T11:06:46 EST" finished-at="2022-02-11T11:06:46 EST">
          <reporter-output>
          </reporter-output>
        </test-method> <!-- libraryDelete -->
        <test-method status="PASS" signature="endPoint()[pri:0, instance:Team4Pro.AppTest@5ae63ade]" name="endPoint" is-config="true" duration-ms="112" started-at="2022-02-11T11:06:46 EST" finished-at="2022-02-11T11:06:46 EST">
          <reporter-output>
          </reporter-output>
        </test-method> <!-- endPoint -->
        <test-method status="PASS" signature="startingPoint(java.lang.String,java.lang.String,java.lang.String)[pri:0, instance:Team4Pro.AppTest@5ae63ade]" name="startingPoint" is-config="true" duration-ms="3233" started-at="2022-02-11T11:06:46 EST" finished-at="2022-02-11T11:06:49 EST">
          <params>
            <param index="0">
              <value>
                <![CDATA[mac]]>
              </value>
            </param>
            <param index="1">
              <value>
                <![CDATA[chrome]]>
              </value>
            </param>
            <param index="2">
              <value>
                <![CDATA[https://www.statefarm.com/]]>
              </value>
            </param>
          </params>
          <reporter-output>
          </reporter-output>
        </test-method> <!-- startingPoint -->
        <test-method status="PASS" signature="librarySetUp()[pri:0, instance:Team4Pro.AppTest@5ae63ade]" name="librarySetUp" is-config="true" duration-ms="1" started-at="2022-02-11T11:06:49 EST" finished-at="2022-02-11T11:06:49 EST">
          <reporter-output>
          </reporter-output>
        </test-method> <!-- librarySetUp -->
        <test-method status="PASS" signature="help()[pri:0, instance:Team4Pro.AppTest@5ae63ade]" name="help" duration-ms="3642" started-at="2022-02-11T11:06:49 EST" finished-at="2022-02-11T11:06:53 EST">
          <reporter-output>
          </reporter-output>
        </test-method> <!-- help -->
        <test-method status="PASS" signature="libraryDelete()[pri:0, instance:Team4Pro.AppTest@5ae63ade]" name="libraryDelete" is-config="true" duration-ms="34" started-at="2022-02-11T11:06:53 EST" finished-at="2022-02-11T11:06:53 EST">
          <reporter-output>
          </reporter-output>
        </test-method> <!-- libraryDelete -->
        <test-method status="PASS" signature="endPoint()[pri:0, instance:Team4Pro.AppTest@5ae63ade]" name="endPoint" is-config="true" duration-ms="130" started-at="2022-02-11T11:06:53 EST" finished-at="2022-02-11T11:06:53 EST">
          <reporter-output>
          </reporter-output>
        </test-method> <!-- endPoint -->
        <test-method status="PASS" signature="startingPoint(java.lang.String,java.lang.String,java.lang.String)[pri:0, instance:Team4Pro.AppTest@5ae63ade]" name="startingPoint" is-config="true" duration-ms="3404" started-at="2022-02-11T11:06:53 EST" finished-at="2022-02-11T11:06:56 EST">
          <params>
            <param index="0">
              <value>
                <![CDATA[mac]]>
              </value>
            </param>
            <param index="1">
              <value>
                <![CDATA[chrome]]>
              </value>
            </param>
            <param index="2">
              <value>
                <![CDATA[https://www.statefarm.com/]]>
              </value>
            </param>
          </params>
          <reporter-output>
          </reporter-output>
        </test-method> <!-- startingPoint -->
        <test-method status="PASS" signature="librarySetUp()[pri:0, instance:Team4Pro.AppTest@5ae63ade]" name="librarySetUp" is-config="true" duration-ms="1" started-at="2022-02-11T11:06:56 EST" finished-at="2022-02-11T11:06:56 EST">
          <reporter-output>
          </reporter-output>
        </test-method> <!-- librarySetUp -->
        <test-method status="FAIL" signature="insurance()[pri:0, instance:Team4Pro.AppTest@5ae63ade]" name="insurance" duration-ms="2527" started-at="2022-02-11T11:06:56 EST" finished-at="2022-02-11T11:06:59 EST">
          <exception class="org.openqa.selenium.ElementClickInterceptedException">
            <message>
              <![CDATA[element click intercepted: Element <button type="button" aria-expanded="false" aria-controls="panel3" class="-oneX-panel-button">...</button> is not clickable at point (942, 961). Other element would receive the click: <div id="privacyptext63523" class="-oneX-global-alert-body optccpatext">...</div>
  (Session info: chrome=98.0.4758.80)
Build info: version: '4.1.1', revision: 'e8fcc2cecf'
System info: host: 'farids-MBP', ip: 'fe80:0:0:0:da:b49f:c4a0:ba47%en0', os.name: 'Mac OS X', os.arch: 'x86_64', os.version: '10.16', java.version: '1.8.0_301'
Driver info: org.openqa.selenium.chrome.ChromeDriver
Command: [b3b92d5522eb88ac1a5b5feed562400a, clickElement {id=b87de7c8-2b85-4d71-a690-156340155a05}]
Capabilities {acceptInsecureCerts: false, browserName: chrome, browserVersion: 98.0.4758.80, chrome: {chromedriverVersion: 97.0.4692.71 (adefa7837d02a..., userDataDir: /var/folders/rw/0z3lfqmd66n...}, goog:chromeOptions: {debuggerAddress: localhost:65014}, javascriptEnabled: true, networkConnectionEnabled: false, pageLoadStrategy: normal, platform: MAC, platformName: MAC, proxy: Proxy(), se:cdp: ws://localhost:65014/devtoo..., se:cdpVersion: 98.0.4758.80, setWindowRect: true, strictFileInteractability: false, timeouts: {implicit: 0, pageLoad: 300000, script: 30000}, unhandledPromptBehavior: dismiss and notify, webauthn:extension:credBlob: true, webauthn:extension:largeBlob: true, webauthn:virtualAuthenticators: true}
Element: [[ChromeDriver: chrome on MAC (b3b92d5522eb88ac1a5b5feed562400a)] -> xpath: //button[@type="button"and text() ='Sports cars']]
Session ID: b3b92d5522eb88ac1a5b5feed562400a]]>
            </message>
            <full-stacktrace>
              <![CDATA[org.openqa.selenium.ElementClickInterceptedException: element click intercepted: Element <button type="button" aria-expanded="false" aria-controls="panel3" class="-oneX-panel-button">...</button> is not clickable at point (942, 961). Other element would receive the click: <div id="privacyptext63523" class="-oneX-global-alert-body optccpatext">...</div>
  (Session info: chrome=98.0.4758.80)
Build info: version: '4.1.1', revision: 'e8fcc2cecf'
System info: host: 'farids-MBP', ip: 'fe80:0:0:0:da:b49f:c4a0:ba47%en0', os.name: 'Mac OS X', os.arch: 'x86_64', os.version: '10.16', java.version: '1.8.0_301'
Driver info: org.openqa.selenium.chrome.ChromeDriver
Command: [b3b92d5522eb88ac1a5b5feed562400a, clickElement {id=b87de7c8-2b85-4d71-a690-156340155a05}]
Capabilities {acceptInsecureCerts: false, browserName: chrome, browserVersion: 98.0.4758.80, chrome: {chromedriverVersion: 97.0.4692.71 (adefa7837d02a..., userDataDir: /var/folders/rw/0z3lfqmd66n...}, goog:chromeOptions: {debuggerAddress: localhost:65014}, javascriptEnabled: true, networkConnectionEnabled: false, pageLoadStrategy: normal, platform: MAC, platformName: MAC, proxy: Proxy(), se:cdp: ws://localhost:65014/devtoo..., se:cdpVersion: 98.0.4758.80, setWindowRect: true, strictFileInteractability: false, timeouts: {implicit: 0, pageLoad: 300000, script: 30000}, unhandledPromptBehavior: dismiss and notify, webauthn:extension:credBlob: true, webauthn:extension:largeBlob: true, webauthn:virtualAuthenticators: true}
Element: [[ChromeDriver: chrome on MAC (b3b92d5522eb88ac1a5b5feed562400a)] -> xpath: //button[@type="button"and text() ='Sports cars']]
Session ID: b3b92d5522eb88ac1a5b5feed562400a
at sun.reflect.NativeConstructorAccessorImpl.newInstance0(Native Method)
at sun.reflect.NativeConstructorAccessorImpl.newInstance(NativeConstructorAccessorImpl.java:62)
at sun.reflect.DelegatingConstructorAccessorImpl.newInstance(DelegatingConstructorAccessorImpl.java:45)
at java.lang.reflect.Constructor.newInstance(Constructor.java:423)
at org.openqa.selenium.remote.codec.w3c.W3CHttpResponseCodec.createException(W3CHttpResponseCodec.java:200)
at org.openqa.selenium.remote.codec.w3c.W3CHttpResponseCodec.decode(W3CHttpResponseCodec.java:133)
at org.openqa.selenium.remote.codec.w3c.W3CHttpResponseCodec.decode(W3CHttpResponseCodec.java:53)
at org.openqa.selenium.remote.HttpCommandExecutor.execute(HttpCommandExecutor.java:184)
at org.openqa.selenium.remote.service.DriverCommandExecutor.invokeExecute(DriverCommandExecutor.java:167)
at org.openqa.selenium.remote.service.DriverCommandExecutor.execute(DriverCommandExecutor.java:142)
at org.openqa.selenium.remote.RemoteWebDriver.execute(RemoteWebDriver.java:543)
at org.openqa.selenium.remote.RemoteWebElement.execute(RemoteWebElement.java:251)
at org.openqa.selenium.remote.RemoteWebElement.click(RemoteWebElement.java:77)
at sun.reflect.GeneratedMethodAccessor1.invoke(Unknown Source)
at sun.reflect.DelegatingMethodAccessorImpl.invoke(DelegatingMethodAccessorImpl.java:43)
at java.lang.reflect.Method.invoke(Method.java:498)
at org.openqa.selenium.support.pagefactory.internal.LocatingElementHandler.invoke(LocatingElementHandler.java:52)
at com.sun.proxy.$Proxy15.click(Unknown Source)
at base.OurAPI.click(OurAPI.java:253)
at Team4Pro.AppTest.insurance(AppTest.java:43)
at sun.reflect.NativeMethodAccessorImpl.invoke0(Native Method)
at sun.reflect.NativeMethodAccessorImpl.invoke(NativeMethodAccessorImpl.java:62)
at sun.reflect.DelegatingMethodAccessorImpl.invoke(DelegatingMethodAccessorImpl.java:43)
at java.lang.reflect.Method.invoke(Method.java:498)
at org.testng.internal.invokers.MethodInvocationHelper.invokeMethod(MethodInvocationHelper.java:135)
at org.testng.internal.invokers.TestInvoker.invokeMethod(TestInvoker.java:673)
at org.testng.internal.invokers.TestInvoker.invokeTestMethod(TestInvoker.java:220)
at org.testng.internal.invokers.MethodRunner.runInSequence(MethodRunner.java:50)
at org.testng.internal.invokers.TestInvoker$MethodInvocationAgent.invoke(TestInvoker.java:945)
at org.testng.internal.invokers.TestInvoker.invokeTestMethods(TestInvoker.java:193)
at org.testng.internal.invokers.TestMethodWorker.invokeTestMethods(TestMethodWorker.java:146)
at org.testng.internal.invokers.TestMethodWorker.run(TestMethodWorker.java:128)
at java.util.ArrayList.forEach(ArrayList.java:1259)
at org.testng.TestRunner.privateRun(TestRunner.java:808)
at org.testng.TestRunner.run(TestRunner.java:603)
at org.testng.SuiteRunner.runTest(SuiteRunner.java:429)
at org.testng.SuiteRunner.runSequentially(SuiteRunner.java:423)
at org.testng.SuiteRunner.privateRun(SuiteRunner.java:383)
at org.testng.SuiteRunner.run(SuiteRunner.java:326)
at org.testng.SuiteRunnerWorker.runSuite(SuiteRunnerWorker.java:52)
at org.testng.SuiteRunnerWorker.run(SuiteRunnerWorker.java:95)
at org.testng.TestNG.runSuitesSequentially(TestNG.java:1249)
at org.testng.TestNG.runSuitesLocally(TestNG.java:1169)
at org.testng.TestNG.runSuites(TestNG.java:1092)
at org.testng.TestNG.run(TestNG.java:1060)
at com.intellij.rt.testng.IDEARemoteTestNG.run(IDEARemoteTestNG.java:66)
at com.intellij.rt.testng.RemoteTestNGStarter.main(RemoteTestNGStarter.java:109)
]]>
            </full-stacktrace>
          </exception> <!-- org.openqa.selenium.ElementClickInterceptedException -->
          <reporter-output>
          </reporter-output>
        </test-method> <!-- insurance -->
        <test-method status="PASS" signature="libraryDelete()[pri:0, instance:Team4Pro.AppTest@5ae63ade]" name="libraryDelete" is-config="true" duration-ms="37" started-at="2022-02-11T11:06:59 EST" finished-at="2022-02-11T11:06:59 EST">
          <reporter-output>
          </reporter-output>
        </test-method> <!-- libraryDelete -->
        <test-method status="PASS" signature="endPoint()[pri:0, instance:Team4Pro.AppTest@5ae63ade]" name="endPoint" is-config="true" duration-ms="162" started-at="2022-02-11T11:06:59 EST" finished-at="2022-02-11T11:06:59 EST">
          <reporter-output>
          </reporter-output>
        </test-method> <!-- endPoint -->
        <test-method status="PASS" signature="startingPoint(java.lang.String,java.lang.String,java.lang.String)[pri:0, instance:Team4Pro.AppTest@5ae63ade]" name="startingPoint" is-config="true" duration-ms="3073" started-at="2022-02-11T11:06:59 EST" finished-at="2022-02-11T11:07:02 EST">
          <params>
            <param index="0">
              <value>
                <![CDATA[mac]]>
              </value>
            </param>
            <param index="1">
              <value>
                <![CDATA[chrome]]>
              </value>
            </param>
            <param index="2">
              <value>
                <![CDATA[https://www.statefarm.com/]]>
              </value>
            </param>
          </params>
          <reporter-output>
          </reporter-output>
        </test-method> <!-- startingPoint -->
        <test-method status="PASS" signature="librarySetUp()[pri:0, instance:Team4Pro.AppTest@5ae63ade]" name="librarySetUp" is-config="true" duration-ms="2" started-at="2022-02-11T11:07:02 EST" finished-at="2022-02-11T11:07:02 EST">
          <reporter-output>
          </reporter-output>
        </test-method> <!-- librarySetUp -->
        <test-method status="PASS" signature="investment()[pri:0, instance:Team4Pro.AppTest@5ae63ade]" name="investment" duration-ms="6341" started-at="2022-02-11T11:07:02 EST" finished-at="2022-02-11T11:07:08 EST">
          <reporter-output>
          </reporter-output>
        </test-method> <!-- investment -->
        <test-method status="PASS" signature="libraryDelete()[pri:0, instance:Team4Pro.AppTest@5ae63ade]" name="libraryDelete" is-config="true" duration-ms="46" started-at="2022-02-11T11:07:08 EST" finished-at="2022-02-11T11:07:08 EST">
          <reporter-output>
          </reporter-output>
        </test-method> <!-- libraryDelete -->
        <test-method status="PASS" signature="endPoint()[pri:0, instance:Team4Pro.AppTest@5ae63ade]" name="endPoint" is-config="true" duration-ms="162" started-at="2022-02-11T11:07:08 EST" finished-at="2022-02-11T11:07:09 EST">
          <reporter-output>
          </reporter-output>
        </test-method> <!-- endPoint -->
        <test-method status="PASS" signature="startingPoint(java.lang.String,java.lang.String,java.lang.String)[pri:0, instance:Team4Pro.AppTest@5ae63ade]" name="startingPoint" is-config="true" duration-ms="3462" started-at="2022-02-11T11:07:09 EST" finished-at="2022-02-11T11:07:12 EST">
          <params>
            <param index="0">
              <value>
                <![CDATA[mac]]>
              </value>
            </param>
            <param index="1">
              <value>
                <![CDATA[chrome]]>
              </value>
            </param>
            <param index="2">
              <value>
                <![CDATA[https://www.statefarm.com/]]>
              </value>
            </param>
          </params>
          <reporter-output>
          </reporter-output>
        </test-method> <!-- startingPoint -->
        <test-method status="PASS" signature="librarySetUp()[pri:0, instance:Team4Pro.AppTest@5ae63ade]" name="librarySetUp" is-config="true" duration-ms="1" started-at="2022-02-11T11:07:12 EST" finished-at="2022-02-11T11:07:12 EST">
          <reporter-output>
          </reporter-output>
        </test-method> <!-- librarySetUp -->
        <test-method status="PASS" signature="peyBill()[pri:0, instance:Team4Pro.AppTest@5ae63ade]" name="peyBill" duration-ms="1882" started-at="2022-02-11T11:07:12 EST" finished-at="2022-02-11T11:07:14 EST">
          <reporter-output>
          </reporter-output>
        </test-method> <!-- peyBill -->
        <test-method status="PASS" signature="libraryDelete()[pri:0, instance:Team4Pro.AppTest@5ae63ade]" name="libraryDelete" is-config="true" duration-ms="40" started-at="2022-02-11T11:07:14 EST" finished-at="2022-02-11T11:07:14 EST">
          <reporter-output>
          </reporter-output>
        </test-method> <!-- libraryDelete -->
        <test-method status="PASS" signature="endPoint()[pri:0, instance:Team4Pro.AppTest@5ae63ade]" name="endPoint" is-config="true" duration-ms="163" started-at="2022-02-11T11:07:14 EST" finished-at="2022-02-11T11:07:14 EST">
          <reporter-output>
          </reporter-output>
        </test-method> <!-- endPoint -->
      </class> <!-- Team4Pro.AppTest -->
    </test> <!-- State Farm Automation -->
  </suite> <!-- State Farm  -->
</testng-results>
